Line 35: Class BasKomponen.BasForm of control BasForm1 was not a loaded control class.
Line 47: Class TrueOleDBGrid70.TDBGrid of control Grid was not a loaded control class.
Line 231: Class MSMask.MaskEdBox of control TxtFax was not a loaded control class.
Line 246: Class MSMask.MaskEdBox of control TxtTlp was not a loaded control class.
Line 288: Class XtremeSuiteControls.PushButton of control CmdAdd was not a loaded control class.
Line 304: Class XtremeSuiteControls.PushButton of control CmdEdit was not a loaded control class.
Line 320: Class XtremeSuiteControls.PushButton of control CmdDelete was not a loaded control class.
Line 336: Class XtremeSuiteControls.PushButton of control CmdSave was not a loaded control class.
Line 352: Class XtremeSuiteControls.PushButton of control CmdCancel was not a loaded control class.
Line 368: Class XtremeSuiteControls.PushButton of control CmdQuit was not a loaded control class.
Line 41: The property name _ExtentX in BasForm1 is invalid.
Line 42: The property name _ExtentY in BasForm1 is invalid.
Line 43: The property name ButtonMax in BasForm1 is invalid.
Line 44: The property name ButtonMin in BasForm1 is invalid.
Line 45: The property name Caption in BasForm1 is invalid.
Line 46: The property name Object.ToolTipText in BasForm1 is invalid.
Line 54: The property name _ExtentX in Grid is invalid.
Line 55: The property name _ExtentY in Grid is invalid.
Line 56: The property name _LayoutType in Grid is invalid.
Line 57: The property name _RowHeight in Grid is invalid.
Line 58: The property name _WasPersistedAsPixels in Grid is invalid.
Line 59: The property name Columns(0)._VlistStyle in Grid is invalid.
Line 60: The property name Columns(0)._MaxComboItems in Grid is invalid.
Line 61: The property name Columns(0).DataField in Grid is invalid.
Line 62: The property name Columns(0)._PropDict in Grid is invalid.
Line 63: The property name Columns(1)._VlistStyle in Grid is invalid.
Line 64: The property name Columns(1)._MaxComboItems in Grid is invalid.
Line 65: The property name Columns(1).DataField in Grid is invalid.
Line 66: The property name Columns(1)._PropDict in Grid is invalid.
Line 67: The property name Columns.Count in Grid is invalid.
Line 68: The property name Splits(0)._UserFlags in Grid is invalid.
Line 69: The property name Splits(0).PartialRightColumn in Grid is invalid.
Line 70: The property name Splits(0).AnchorRightColumn in Grid is invalid.
Line 71: The property name Splits(0).MarqueeStyle in Grid is invalid.
Line 72: The property name Splits(0).AllowRowSizing in Grid is invalid.
Line 73: The property name Splits(0).RecordSelectorWidth in Grid is invalid.
Line 74: The property name Splits(0)._SavedRecordSelectors in Grid is invalid.
Line 75: The property name Splits(0).AllowColSelect in Grid is invalid.
Line 76: The property name Splits(0).FetchRowStyle in Grid is invalid.
Line 77: The property name Splits(0).AlternatingRowStyle in Grid is invalid.
Line 78: The property name Splits(0).DividerColor in Grid is invalid.
Line 79: The property name Splits(0).SpringMode in Grid is invalid.
Line 80: The property name Splits(0)._PropDict in Grid is invalid.
Line 81: The property name Splits(0)._ColumnProps(0) in Grid is invalid.
Line 82: The property name Splits(0)._ColumnProps(1) in Grid is invalid.
Line 83: The property name Splits(0)._ColumnProps(2) in Grid is invalid.
Line 84: The property name Splits(0)._ColumnProps(3) in Grid is invalid.
Line 85: The property name Splits(0)._ColumnProps(4) in Grid is invalid.
Line 86: The property name Splits(0)._ColumnProps(5) in Grid is invalid.
Line 87: The property name Splits(0)._ColumnProps(6) in Grid is invalid.
Line 88: The property name Splits(0)._ColumnProps(7) in Grid is invalid.
Line 89: The property name Splits(0)._ColumnProps(8) in Grid is invalid.
Line 90: The property name Splits(0)._ColumnProps(9) in Grid is invalid.
Line 91: The property name Splits(0)._ColumnProps(10) in Grid is invalid.
Line 92: The property name Splits(0)._ColumnProps(11) in Grid is invalid.
Line 93: The property name Splits(0)._ColumnProps(12) in Grid is invalid.
Line 94: The property name Splits.Count in Grid is invalid.
Line 95: The property name PrintInfos(0)._StateFlags in Grid is invalid.
Line 96: The property name PrintInfos(0).Name in Grid is invalid.
Line 97: The property name PrintInfos(0).PageHeaderFont in Grid is invalid.
Line 98: The property name PrintInfos(0).PageFooterFont in Grid is invalid.
Line 99: The property name PrintInfos(0).PageHeaderHeight in Grid is invalid.
Line 100: The property name PrintInfos(0).PageFooterHeight in Grid is invalid.
Line 101: The property name PrintInfos.Count in Grid is invalid.
Line 102: The property name AllowUpdate in Grid is invalid.
Line 104: The property name ColumnFooters in Grid is invalid.
Line 105: The property name DefColWidth in Grid is invalid.
Line 106: The property name HeadLines in Grid is invalid.
Line 107: The property name FootLines in Grid is invalid.
Line 108: The property name TabAction in Grid is invalid.
Line 109: The property name WrapCellPointer in Grid is invalid.
Line 110: The property name MultipleLines in Grid is invalid.
Line 111: The property name CellTipsWidth in Grid is invalid.
Line 112: The property name GroupByCaption in Grid is invalid.
Line 113: The property name DeadAreaBackColor in Grid is invalid.
Line 114: The property name RowDividerColor in Grid is invalid.
Line 115: The property name RowSubDividerColor in Grid is invalid.
Line 116: The property name DirectionAfterEnter in Grid is invalid.
Line 117: The property name MaxRows in Grid is invalid.
Line 118: The property name ViewColumnCaptionWidth in Grid is invalid.
Line 119: The property name ViewColumnWidth in Grid is invalid.
Line 120: The property name _PropDict in Grid is invalid.
Line 121: The property name _StyleDefs(0) in Grid is invalid.
Line 122: The property name _StyleDefs(1) in Grid is invalid.
Line 123: The property name _StyleDefs(2) in Grid is invalid.
Line 124: The property name _StyleDefs(3) in Grid is invalid.
Line 125: The property name _StyleDefs(4) in Grid is invalid.
Line 126: The property name _StyleDefs(5) in Grid is invalid.
Line 127: The property name _StyleDefs(6) in Grid is invalid.
Line 128: The property name _StyleDefs(7) in Grid is invalid.
Line 129: The property name _StyleDefs(8) in Grid is invalid.
Line 130: The property name _StyleDefs(9) in Grid is invalid.
Line 131: The property name _StyleDefs(10) in Grid is invalid.
Line 132: The property name _StyleDefs(11) in Grid is invalid.
Line 133: The property name _StyleDefs(12) in Grid is invalid.
Line 134: The property name _StyleDefs(13) in Grid is invalid.
Line 135: The property name _StyleDefs(14) in Grid is invalid.
Line 136: The property name _StyleDefs(15) in Grid is invalid.
Line 137: The property name _StyleDefs(16) in Grid is invalid.
Line 138: The property name _StyleDefs(17) in Grid is invalid.
Line 139: The property name _StyleDefs(18) in Grid is invalid.
Line 140: The property name _StyleDefs(19) in Grid is invalid.
Line 141: The property name _StyleDefs(20) in Grid is invalid.
Line 142: The property name _StyleDefs(21) in Grid is invalid.
Line 143: The property name _StyleDefs(22) in Grid is invalid.
Line 144: The property name _StyleDefs(23) in Grid is invalid.
Line 145: The property name _StyleDefs(24) in Grid is invalid.
Line 146: The property name _StyleDefs(25) in Grid is invalid.
Line 147: The property name _StyleDefs(26) in Grid is invalid.
Line 148: The property name _StyleDefs(27) in Grid is invalid.
Line 149: The property name _StyleDefs(28) in Grid is invalid.
Line 150: The property name _StyleDefs(29) in Grid is invalid.
Line 151: The property name _StyleDefs(30) in Grid is invalid.
Line 152: The property name _StyleDefs(31) in Grid is invalid.
Line 153: The property name _StyleDefs(32) in Grid is invalid.
Line 154: The property name _StyleDefs(33) in Grid is invalid.
Line 155: The property name _StyleDefs(34) in Grid is invalid.
Line 156: The property name _StyleDefs(35) in Grid is invalid.
Line 157: The property name _StyleDefs(36) in Grid is invalid.
Line 158: The property name _StyleDefs(37) in Grid is invalid.
Line 159: The property name _StyleDefs(38) in Grid is invalid.
Line 160: The property name _StyleDefs(39) in Grid is invalid.
Line 161: The property name _StyleDefs(40) in Grid is invalid.
Line 162: The property name _StyleDefs(41) in Grid is invalid.
Line 163: The property name _StyleDefs(42) in Grid is invalid.
Line 164: The property name _StyleDefs(43) in Grid is invalid.
Line 165: The property name _StyleDefs(44) in Grid is invalid.
Line 166: The property name _StyleDefs(45) in Grid is invalid.
Line 167: The property name _StyleDefs(46) in Grid is invalid.
Line 168: The property name _StyleDefs(47) in Grid is invalid.
Line 169: The property name _StyleDefs(48) in Grid is invalid.
Line 170: The property name _StyleDefs(49) in Grid is invalid.
Line 171: The property name _StyleDefs(50) in Grid is invalid.
Line 172: The property name _StyleDefs(51) in Grid is invalid.
Line 173: The property name _StyleDefs(52) in Grid is invalid.
Line 174: The property name _StyleDefs(53) in Grid is invalid.
Line 175: The property name _StyleDefs(54) in Grid is invalid.
Line 176: The property name _StyleDefs(55) in Grid is invalid.
Line 177: The property name _StyleDefs(56) in Grid is invalid.
Line 178: The property name _StyleDefs(57) in Grid is invalid.
Line 179: The property name _StyleDefs(58) in Grid is invalid.
Line 180: The property name _StyleDefs(59) in Grid is invalid.
Line 181: The property name _StyleDefs(60) in Grid is invalid.
Line 182: The property name _StyleDefs(61) in Grid is invalid.
Line 183: The property name _StyleDefs(62) in Grid is invalid.
Line 184: The property name _StyleDefs(63) in Grid is invalid.
Line 185: The property name _StyleDefs(64) in Grid is invalid.
Line 186: The property name _StyleDefs(65) in Grid is invalid.
Line 187: The property name _StyleDefs(66) in Grid is invalid.
Line 188: The property name _StyleDefs(67) in Grid is invalid.
Line 189: The property name _StyleDefs(68) in Grid is invalid.
Line 190: The property name _StyleDefs(69) in Grid is invalid.
Line 191: The property name _StyleDefs(70) in Grid is invalid.
Line 192: The property name _StyleDefs(71) in Grid is invalid.
Line 193: The property name _StyleDefs(72) in Grid is invalid.
Line 194: The property name _StyleDefs(73) in Grid is invalid.
Line 195: The property name _StyleDefs(74) in Grid is invalid.
Line 47: Property Appearance in Grid could not be set.
Line 237: The property name _ExtentX in TxtFax is invalid.
Line 238: The property name _ExtentY in TxtFax is invalid.
Line 239: The property name _Version in TxtFax is invalid.
Line 242: The property name MaxLength in TxtFax is invalid.
Line 243: The property name Mask in TxtFax is invalid.
Line 244: The property name PromptChar in TxtFax is invalid.
Line 252: The property name _ExtentX in TxtTlp is invalid.
Line 253: The property name _ExtentY in TxtTlp is invalid.
Line 254: The property name _Version in TxtTlp is invalid.
Line 257: The property name MaxLength in TxtTlp is invalid.
Line 258: The property name Mask in TxtTlp is invalid.
Line 259: The property name PromptChar in TxtTlp is invalid.
Line 295: The property name _Version in CmdAdd is invalid.
Line 296: The property name _ExtentX in CmdAdd is invalid.
Line 297: The property name _ExtentY in CmdAdd is invalid.
Line 298: The property name _StockProps in CmdAdd is invalid.
Line 302: The property name BorderGap in CmdAdd is invalid.
Line 288: Property Picture in CmdAdd could not be set.
Line 288: Property Appearance in CmdAdd could not be set.
Line 311: The property name _Version in CmdEdit is invalid.
Line 312: The property name _ExtentX in CmdEdit is invalid.
Line 313: The property name _ExtentY in CmdEdit is invalid.
Line 314: The property name _StockProps in CmdEdit is invalid.
Line 318: The property name BorderGap in CmdEdit is invalid.
Line 304: Property Picture in CmdEdit could not be set.
Line 304: Property Appearance in CmdEdit could not be set.
Line 327: The property name _Version in CmdDelete is invalid.
Line 328: The property name _ExtentX in CmdDelete is invalid.
Line 329: The property name _ExtentY in CmdDelete is invalid.
Line 330: The property name _StockProps in CmdDelete is invalid.
Line 334: The property name BorderGap in CmdDelete is invalid.
Line 320: Property Picture in CmdDelete could not be set.
Line 320: Property Appearance in CmdDelete could not be set.
Line 343: The property name _Version in CmdSave is invalid.
Line 344: The property name _ExtentX in CmdSave is invalid.
Line 345: The property name _ExtentY in CmdSave is invalid.
Line 346: The property name _StockProps in CmdSave is invalid.
Line 350: The property name BorderGap in CmdSave is invalid.
Line 336: Property Picture in CmdSave could not be set.
Line 336: Property Appearance in CmdSave could not be set.
Line 359: The property name _Version in CmdCancel is invalid.
Line 360: The property name _ExtentX in CmdCancel is invalid.
Line 361: The property name _ExtentY in CmdCancel is invalid.
Line 362: The property name _StockProps in CmdCancel is invalid.
Line 366: The property name BorderGap in CmdCancel is invalid.
Line 352: Property Picture in CmdCancel could not be set.
Line 352: Property Appearance in CmdCancel could not be set.
Line 375: The property name _Version in CmdQuit is invalid.
Line 376: The property name _ExtentX in CmdQuit is invalid.
Line 377: The property name _ExtentY in CmdQuit is invalid.
Line 378: The property name _StockProps in CmdQuit is invalid.
Line 382: The property name BorderGap in CmdQuit is invalid.
Line 368: Property Picture in CmdQuit could not be set.
Line 368: Property Appearance in CmdQuit could not be set.
